
Sat, 13 Aug 2022 00:38:36 +0000 : NO senderId 

Sat, 13 Aug 2022 00:38:36 +0000 : NO concat 

Sat, 13 Aug 2022 00:38:36 +0000 : NO encoding

Sat, 13 Aug 2022 00:38:37 +0000 : Error sending SMS: SSL certificate problem: self signed certificate in certificate chain(60)

Sat, 13 Aug 2022 00:39:16 +0000 : NO senderId 

Sat, 13 Aug 2022 00:39:16 +0000 : NO concat 

Sat, 13 Aug 2022 00:39:16 +0000 : NO encoding

Sat, 13 Aug 2022 00:39:17 +0000 : Error sending SMS: SSL certificate problem: self signed certificate in certificate chain(60)

Sat, 13 Aug 2022 00:39:46 +0000 : NO senderId 

Sat, 13 Aug 2022 00:39:46 +0000 : NO concat 

Sat, 13 Aug 2022 00:39:46 +0000 : NO encoding

Sat, 13 Aug 2022 00:39:46 +0000 : Error sending SMS: SSL certificate problem: self signed certificate in certificate chain(60)

Sat, 13 Aug 2022 00:40:31 +0000 : NO senderId 

Sat, 13 Aug 2022 00:40:31 +0000 : NO concat 

Sat, 13 Aug 2022 00:40:31 +0000 : NO encoding

Sat, 13 Aug 2022 00:40:32 +0000 : Error sending SMS: SSL certificate problem: self signed certificate in certificate chain(60)

Sat, 13 Aug 2022 02:42:26 +0200 : NO senderId 

Sat, 13 Aug 2022 02:42:26 +0200 : NO concat 

Sat, 13 Aug 2022 02:42:26 +0200 : NO encoding

Sat, 13 Aug 2022 02:42:27 +0200 : Server Altiria response: OK dest:573058721675


Sat, 13 Aug 2022 03:28:22 +0200 : NO senderId 

Sat, 13 Aug 2022 03:28:22 +0200 : NO concat 

Sat, 13 Aug 2022 03:28:22 +0200 : NO encoding

Sat, 13 Aug 2022 03:28:24 +0200 : Server Altiria response: OK dest:573058721675


Sat, 13 Aug 2022 03:30:04 +0200 : NO senderId 

Sat, 13 Aug 2022 03:30:04 +0200 : NO concat 

Sat, 13 Aug 2022 03:30:04 +0200 : NO encoding

Sat, 13 Aug 2022 03:30:06 +0200 : Server Altiria response: OK dest:573058721675


Sat, 13 Aug 2022 03:37:39 +0200 : NO senderId 

Sat, 13 Aug 2022 03:37:39 +0200 : NO concat 

Sat, 13 Aug 2022 03:37:39 +0200 : NO encoding

Sat, 13 Aug 2022 03:37:40 +0200 : Server Altiria response: ERROR errNum:017

Sat, 13 Aug 2022 03:37:40 +0200 : Error sending SMS: ERROR errNum:017

Sat, 13 Aug 2022 03:38:12 +0200 : NO senderId 

Sat, 13 Aug 2022 03:38:12 +0200 : NO concat 

Sat, 13 Aug 2022 03:38:12 +0200 : NO encoding

Sat, 13 Aug 2022 03:38:13 +0200 : Server Altiria response: OK dest:3058721675


Sat, 13 Aug 2022 03:45:26 +0200 : NO senderId 

Sat, 13 Aug 2022 03:45:26 +0200 : NO concat 

Sat, 13 Aug 2022 03:45:26 +0200 : NO encoding

Sat, 13 Aug 2022 03:45:27 +0200 : Server Altiria response: OK dest:3126939415


Sat, 13 Aug 2022 03:52:08 +0200 : NO senderId 

Sat, 13 Aug 2022 03:52:08 +0200 : NO concat 

Sat, 13 Aug 2022 03:52:08 +0200 : NO encoding

Sat, 13 Aug 2022 03:52:09 +0200 : Server Altiria response: OK dest:573058721675


Sat, 13 Aug 2022 03:52:20 +0200 : NO senderId 

Sat, 13 Aug 2022 03:52:20 +0200 : NO concat 

Sat, 13 Aug 2022 03:52:20 +0200 : NO encoding

Sat, 13 Aug 2022 03:52:20 +0200 : Server Altiria response: OK dest:573058721675


Sat, 13 Aug 2022 21:52:03 +0200 : Add destination 573058721675

Sat, 13 Aug 2022 21:52:03 +0200 : Add destination 573112353686

Sat, 13 Aug 2022 21:52:03 +0200 : NO senderId 

Sat, 13 Aug 2022 21:52:03 +0200 : NO concat 

Sat, 13 Aug 2022 21:52:03 +0200 : NO encoding

Sat, 13 Aug 2022 21:52:04 +0200 : Server Altiria response: OK dest:573058721675
OK dest:573112353686


Sat, 13 Aug 2022 21:54:19 +0200 : Add destination 573058721675

Sat, 13 Aug 2022 21:54:19 +0200 : Add destination 573112353686

Sat, 13 Aug 2022 21:54:19 +0200 : NO senderId 

Sat, 13 Aug 2022 21:54:19 +0200 : NO concat 

Sat, 13 Aug 2022 21:54:19 +0200 : NO encoding

Sat, 13 Aug 2022 21:54:20 +0200 : Server Altiria response: OK dest:573058721675
OK dest:573112353686


Sat, 13 Aug 2022 15:03:51 -0500 : Add destination 573058721675

Sat, 13 Aug 2022 15:03:51 -0500 : Add destination 573112353686

Sat, 13 Aug 2022 15:03:51 -0500 : NO senderId 

Sat, 13 Aug 2022 15:03:51 -0500 : NO concat 

Sat, 13 Aug 2022 15:03:51 -0500 : NO encoding

Sat, 13 Aug 2022 15:03:52 -0500 : Server Altiria response: OK dest:573058721675
OK dest:573112353686


Sun, 14 Aug 2022 03:32:13 +0200 : NO senderId 

Sun, 14 Aug 2022 03:32:13 +0200 : NO concat 

Sun, 14 Aug 2022 03:32:13 +0200 : NO encoding

Sun, 14 Aug 2022 03:32:14 +0200 : Server Altiria response: ERROR errNum:017

Sun, 14 Aug 2022 03:32:14 +0200 : Error sending SMS: ERROR errNum:017

Sun, 14 Aug 2022 03:33:07 +0200 : NO senderId 

Sun, 14 Aug 2022 03:33:07 +0200 : NO concat 

Sun, 14 Aug 2022 03:33:07 +0200 : NO encoding

Sun, 14 Aug 2022 03:33:08 +0200 : Server Altiria response: OK dest:573058721675


Sun, 14 Aug 2022 04:10:50 +0200 : NO senderId 

Sun, 14 Aug 2022 04:10:50 +0200 : NO concat 

Sun, 14 Aug 2022 04:10:50 +0200 : NO encoding

Sun, 14 Aug 2022 04:10:51 +0200 : Server Altiria response: OK dest:573058721675


Sun, 14 Aug 2022 05:04:08 +0200 : NO senderId 

Sun, 14 Aug 2022 05:04:08 +0200 : NO concat 

Sun, 14 Aug 2022 05:04:08 +0200 : NO encoding

Sun, 14 Aug 2022 05:04:09 +0200 : Server Altiria response: OK dest:573058721675


Sun, 14 Aug 2022 05:31:12 +0200 : NO senderId 

Sun, 14 Aug 2022 05:31:12 +0200 : NO concat 

Sun, 14 Aug 2022 05:31:12 +0200 : NO encoding

Sun, 14 Aug 2022 05:31:13 +0200 : Server Altiria response: OK dest:573058721675


Sun, 14 Aug 2022 05:40:17 +0200 : NO senderId 

Sun, 14 Aug 2022 05:40:17 +0200 : NO concat 

Sun, 14 Aug 2022 05:40:17 +0200 : NO encoding

Sun, 14 Aug 2022 05:40:17 +0200 : Server Altiria response: OK dest:573058721675


Sun, 14 Aug 2022 05:52:26 +0200 : NO senderId 

Sun, 14 Aug 2022 05:52:26 +0200 : NO concat 

Sun, 14 Aug 2022 05:52:26 +0200 : NO encoding

Sun, 14 Aug 2022 05:52:27 +0200 : Server Altiria response: OK dest:573058721675


Sun, 14 Aug 2022 06:14:15 +0200 : NO senderId 

Sun, 14 Aug 2022 06:14:15 +0200 : NO concat 

Sun, 14 Aug 2022 06:14:15 +0200 : NO encoding

Sun, 14 Aug 2022 06:14:16 +0200 : Server Altiria response: OK dest:573058721675


Sun, 14 Aug 2022 06:18:03 +0200 : NO senderId 

Sun, 14 Aug 2022 06:18:03 +0200 : NO concat 

Sun, 14 Aug 2022 06:18:03 +0200 : NO encoding

Sun, 14 Aug 2022 06:18:04 +0200 : Server Altiria response: OK dest:573058721675


Sun, 14 Aug 2022 06:18:54 +0200 : NO senderId 

Sun, 14 Aug 2022 06:18:54 +0200 : NO concat 

Sun, 14 Aug 2022 06:18:54 +0200 : NO encoding

Sun, 14 Aug 2022 06:18:56 +0200 : Server Altiria response: OK dest:573058721675


Sun, 14 Aug 2022 06:23:38 +0200 : NO senderId 

Sun, 14 Aug 2022 06:23:38 +0200 : NO concat 

Sun, 14 Aug 2022 06:23:38 +0200 : NO encoding

Sun, 14 Aug 2022 06:23:39 +0200 : Server Altiria response: OK dest:573058721675


Sun, 14 Aug 2022 06:25:04 +0200 : NO senderId 

Sun, 14 Aug 2022 06:25:04 +0200 : NO concat 

Sun, 14 Aug 2022 06:25:04 +0200 : NO encoding

Sun, 14 Aug 2022 06:25:05 +0200 : Server Altiria response: OK dest:573058721675


Sun, 14 Aug 2022 06:25:24 +0200 : NO senderId 

Sun, 14 Aug 2022 06:25:24 +0200 : NO concat 

Sun, 14 Aug 2022 06:25:24 +0200 : NO encoding

Sun, 14 Aug 2022 06:25:26 +0200 : Server Altiria response: OK dest:573058721675


Sun, 14 Aug 2022 06:27:01 +0200 : NO senderId 

Sun, 14 Aug 2022 06:27:01 +0200 : NO concat 

Sun, 14 Aug 2022 06:27:01 +0200 : NO encoding

Sun, 14 Aug 2022 06:27:02 +0200 : Server Altiria response: OK dest:573058721675


Sun, 14 Aug 2022 07:00:25 +0200 : NO senderId 

Sun, 14 Aug 2022 07:00:25 +0200 : NO concat 

Sun, 14 Aug 2022 07:00:25 +0200 : NO encoding

Sun, 14 Aug 2022 07:00:26 +0200 : Server Altiria response: OK dest:573058721675

